2025-09-25 12:06:12:612 info: ✅ Server running on PORT: 5000
2025-09-25 12:06:12:612 info: [32mGET[39m
2025-09-25 12:06:12:612 info: [32mGET[39m
2025-09-25 12:14:30:1430 info: ✅ Server running on PORT: 6000
2025-09-25 12:14:30:1430 info: [32mGET[39m
2025-09-25 12:14:30:1430 info: [32mGET[39m
2025-09-25 12:15:06:156 info: ✅ Server running on PORT: 6000
2025-09-25 12:15:06:156 info: [32mGET[39m
2025-09-25 12:15:06:156 info: [32mGET[39m
2025-09-25 12:15:54:1554 info: ✅ Server running on PORT: 6000
2025-09-25 12:15:54:1554 info: [32mGET[39m
2025-09-25 12:15:54:1554 info: [32mGET[39m
2025-09-25 12:18:04:184 info: ✅ Server running on PORT: 6000
2025-09-25 12:18:04:184 info: [32mGET[39m
2025-09-25 12:18:04:184 info: [32mGET[39m
2025-09-25 12:18:35:1835 info: ✅ Server running on PORT: 6000
2025-09-25 12:18:35:1835 info: [32mGET[39m
2025-09-25 12:18:35:1835 info: [32mGET[39m
2025-09-25 12:20:05:205 info: ✅ Server running on PORT: 2000
2025-09-25 12:20:05:205 info: [32mGET[39m
2025-09-25 12:20:05:205 info: [32mGET[39m
2025-09-25 12:20:19:2019 info: ✅ Server running on PORT: 2000
2025-09-25 12:20:19:2019 info: [32mGET[39m
2025-09-25 12:20:19:2019 info: [32mGET[39m
2025-09-25 12:20:54:2054 info: ✅ Server running on PORT: 2000
2025-09-25 12:20:54:2054 info: [32mGET[39m
2025-09-25 12:20:54:2054 info: [32mGET[39m
2025-09-25 12:21:41:2141 http: REQUEST GET /
2025-09-25 12:21:41:2141 info: request_meta
2025-09-25 12:21:41:2141 http: ::1 GET / 200 39 - 7.417 ms
2025-09-25 12:21:57:2157 info: ✅ Server running on PORT: 6000
2025-09-25 12:21:57:2157 info: [32mGET[39m
2025-09-25 12:21:57:2157 info: [32mGET[39m
2025-09-25 12:22:03:223 http: REQUEST GET /
2025-09-25 12:22:03:223 info: request_meta
2025-09-25 12:22:03:223 http: ::1 GET / 200 39 - 5.556 ms
2025-09-25 12:22:05:225 http: REQUEST GET /
2025-09-25 12:22:05:225 info: request_meta
2025-09-25 12:22:05:225 http: ::1 GET / 200 39 - 1.936 ms
2025-09-25 12:22:11:2211 http: REQUEST GET /
2025-09-25 12:22:11:2211 info: request_meta
2025-09-25 12:22:11:2211 http: ::1 GET / 200 39 - 1.545 ms
2025-09-25 12:27:33:2733 info: ✅ Server running on PORT: 6000
2025-09-25 12:27:33:2733 info: [32mGET[39m
2025-09-25 12:27:33:2733 info: [32mGET[39m
2025-09-25 12:31:42:3142 info: ✅ Server running on PORT: 6000
2025-09-25 12:31:42:3142 info: [32mGET[39m
2025-09-25 12:31:42:3142 info: [32mGET[39m
2025-09-25 12:34:00:340 info: ✅ Server running on PORT: 6000
2025-09-25 12:34:00:340 info: [32mGET[39m
2025-09-25 12:34:00:340 info: [32mGET[39m
2025-09-25 12:34:21:3421 info: ✅ Server running on PORT: 6000
2025-09-25 12:34:21:3421 info: [32mGET[39m
2025-09-25 12:34:21:3421 info: [32mGET[39m
2025-09-25 12:34:24:3424 http: REQUEST GET /
2025-09-25 12:34:24:3424 info: request_meta
2025-09-25 12:34:24:3424 http: ::1 GET / 200 39 - 5.878 ms
2025-09-25 12:41:17:4117 info: ✅ Server running on PORT: 6000
2025-09-25 12:41:17:4117 info: [32mGET[39m
2025-09-25 12:41:17:4117 info: [32mGET[39m
2025-09-25 12:45:42:4542 info: ✅ Server running on PORT: 6000
2025-09-25 12:45:42:4542 info: [32mGET[39m
2025-09-25 12:45:42:4542 info: [32mGET[39m
2025-09-25 13:00:25:025 info: ✅ Server running on PORT: 6000
2025-09-25 13:00:25:025 info: [32mGET[39m
2025-09-25 13:00:25:025 info: [32mGET[39m
2025-09-25 13:00:46:046 info: ✅ Server running on PORT: 6000
2025-09-25 13:00:46:046 info: [32mGET[39m
2025-09-25 13:00:46:046 info: [32mGET[39m
2025-09-25 13:03:16:316 info: ✅ Server running on PORT: 6000
2025-09-25 13:03:16:316 info: [32mGET[39m
2025-09-25 13:03:16:316 info: [32mGET[39m
